<?xml version="1.0" encoding="UTF-8"?>
<!-- Generated by org.testng.reporters.JUnitXMLReporter -->
<testsuite hostname="DESKTOP-MFIQF9V" ignored="0" name="Test" tests="3" failures="2" timestamp="10 Jul 2020 19:20:07 GMT" time="74.648" errors="0">
  <testcase name="setUpTest" time="0.02" classname="com.qa.marcis.basepage.BaseTestTest">
    <failure type="java.lang.RuntimeException" message="Test not implemented">
      <![CDATA[java.lang.RuntimeException: Test not implemented
at com.qa.marcis.basepage.BaseTestTest.setUpTest(BaseTestTest.java:9)
... Removed 25 stack frames]]>
    </failure>
  </testcase> <!-- setUpTest -->
  <testcase name="tearDownTest" time="0.019" classname="com.qa.marcis.basepage.BaseTestTest">
    <failure type="java.lang.RuntimeException" message="Test not implemented">
      <![CDATA[java.lang.RuntimeException: Test not implemented
at com.qa.marcis.basepage.BaseTestTest.tearDownTest(BaseTestTest.java:14)
... Removed 25 stack frames]]>
    </failure>
  </testcase> <!-- tearDownTest -->
  <testcase name="verifySignUpLinkTest" time="5.359" classname="com.qa.marcis.tests.LoginPageTest_BM"/>
</testsuite> <!-- Test -->
