<?xml version="1.0" encoding="UTF-8"?>
<!-- Generated by org.testng.reporters.JUnitXMLReporter -->
<testsuite hostname="DESKTOP-MFIQF9V" ignored="0" name="MARCIS FUNCTIONAL TESTING" tests="5" failures="1" timestamp="08 Jul 2020 18:26:27 GMT" time="32.709" errors="0">
  <testcase name="verifySignUpLinkTest" time="8.156" classname="com.qa.marcis.tests.LoginPageTest"/>
  <testcase name="verifyHomePageHeaderTest" time="0.126" classname="com.qa.marcis.tests.HomePageTest">
    <failure type="java.lang.AssertionError" message="expected [Sales Dashboard] but found [Sales]">
      <![CDATA[java.lang.AssertionError: expected [Sales Dashboard] but found [Sales]
at com.qa.marcis.tests.HomePageTest.verifyHomePageHeaderTest(HomePageTest.java:52)
... Removed 31 stack frames]]>
    </failure>
  </testcase> <!-- verifyHomePageHeaderTest -->
  <testcase name="verifyLoginPageTitleTest" time="0.026" classname="com.qa.marcis.tests.LoginPageTest"/>
  <testcase name="verifyHomePageTitleTest" time="0.011" classname="com.qa.marcis.tests.HomePageTest"/>
  <testcase name="loginTest" time="0.813" classname="com.qa.marcis.tests.LoginPageTest"/>
</testsuite> <!-- MARCIS FUNCTIONAL TESTING -->
